<?xml version="1.0" encoding="UTF-8"?>
<!-- Generated by org.testng.reporters.JUnitXMLReporter -->
<testsuite hostname="Aparnas-MBP.hsd1.ca.comcast.net" ignored="0" name="Default test" tests="5" failures="1" timestamp="09 Apr 2022 16:51:33 GMT" time="4.5" errors="0">
  <testcase name="CreateAPlayList" time="3.315" classname="com.spotify.oauth2.tests.PlayListTest2"/>
  <testcase name="GetAPlayList" time="0.355" classname="com.spotify.oauth2.tests.PlayListTest2">
    <failure type="java.lang.AssertionError" message="
Expected: &amp;quot;Description -&amp;amp;+##&amp;amp;++#4r#8#q&amp;amp;##&amp;amp;6#+ K#&amp;amp;+## c__# _9em H # jj &amp;amp;+__CF0&amp;amp;   +&amp;quot;
     but: was &amp;quot;Description -&amp;amp;+##&amp;amp;++#4r#8#q&amp;amp;##&amp;amp;6#+ K#&amp;amp;+## c__# _9em H # jj &amp;amp;+__CF0&amp;amp;   +&amp;quot;">
      <![CDATA[java.lang.AssertionError: 
Expected: "Description -&+##&++#4r#8#q&##&6#+ K#&+## c__# _9em H # jj &+__CF0&   +"
     but: was "Description -&amp;+##&amp;++#4r#8#q&amp;##&amp;6#+ K#&amp;+## c__# _9em H # jj &amp;+__CF0&amp;   +"
at org.hamcrest.MatcherAssert.assertThat(MatcherAssert.java:18)
at org.hamcrest.MatcherAssert.assertThat(MatcherAssert.java:6)
at com.spotify.oauth2.tests.PlayListTest2.assertPlayListEqual(PlayListTest2.java:54)
at com.spotify.oauth2.tests.PlayListTest2.GetAPlayList(PlayListTest2.java:123)
at sun.reflect.NativeMethodAccessorImpl.invoke0(Native Method)
at sun.reflect.NativeMethodAccessorImpl.invoke(NativeMethodAccessorImpl.java:62)
at sun.reflect.DelegatingMethodAccessorImpl.invoke(DelegatingMethodAccessorImpl.java:43)
at java.lang.reflect.Method.invoke(Method.java:498)
at org.testng.internal.MethodInvocationHelper.invokeMethod(MethodInvocationHelper.java:124)
at org.testng.internal.Invoker.invokeMethod(Invoker.java:583)
at org.testng.internal.Invoker.invokeTestMethod(Invoker.java:719)
at org.testng.internal.Invoker.invokeTestMethods(Invoker.java:989)
at org.testng.internal.TestMethodWorker.invokeTestMethods(TestMethodWorker.java:125)
at org.testng.internal.TestMethodWorker.run(TestMethodWorker.java:109)
at org.testng.TestRunner.privateRun(TestRunner.java:648)
at org.testng.TestRunner.run(TestRunner.java:505)
at org.testng.SuiteRunner.runTest(SuiteRunner.java:455)
at org.testng.SuiteRunner.runSequentially(SuiteRunner.java:450)
at org.testng.SuiteRunner.privateRun(SuiteRunner.java:415)
at org.testng.SuiteRunner.run(SuiteRunner.java:364)
at org.testng.SuiteRunnerWorker.runSuite(SuiteRunnerWorker.java:52)
at org.testng.SuiteRunnerWorker.run(SuiteRunnerWorker.java:84)
at org.testng.TestNG.runSuitesSequentially(TestNG.java:1208)
at org.testng.TestNG.runSuitesLocally(TestNG.java:1137)
at org.testng.TestNG.runSuites(TestNG.java:1049)
at org.testng.TestNG.run(TestNG.java:1017)
at org.testng.remote.AbstractRemoteTestNG.run(AbstractRemoteTestNG.java:115)
at org.testng.remote.RemoteTestNG.initAndRun(RemoteTestNG.java:251)
at org.testng.remote.RemoteTestNG.main(RemoteTestNG.java:77)
]]>
    </failure>
  </testcase> <!-- GetAPlayList -->
  <testcase name="Negative_CreateAPlayList_with_ExpiredToken" time="0.211" classname="com.spotify.oauth2.tests.PlayListTest2"/>
  <testcase name="Negative_CreateAPlayList_with_nullName" time="0.2" classname="com.spotify.oauth2.tests.PlayListTest2"/>
  <testcase name="PutAPlayList" time="0.283" classname="com.spotify.oauth2.tests.PlayListTest2"/>
</testsuite> <!-- Default test -->
