<?xml version="1.0" encoding="UTF-8"?>
<testng-results skipped="0" failed="1" ignored="0" total="5" passed="4">
  <reporter-output>
  </reporter-output>
  <suite name="Default suite" duration-ms="4737" started-at="2022-04-10T17:48:17Z" finished-at="2022-04-10T17:48:22Z">
    <groups>
    </groups>
    <test name="Default test" duration-ms="4737" started-at="2022-04-10T17:48:17Z" finished-at="2022-04-10T17:48:22Z">
      <class name="com.spotify.oauth2.tests.AparnaTest">
        <test-method status="PASS" signature="CreateAPlayList()[pri:0, instance:com.spotify.oauth2.tests.AparnaTest@5f574cc2]" name="CreateAPlayList" duration-ms="3549" started-at="2022-04-10T17:48:17Z" finished-at="2022-04-10T17:48:20Z">
          <reporter-output>
          </reporter-output>
        </test-method> <!-- CreateAPlayList -->
        <test-method status="FAIL" signature="GetAPlayList()[pri:0, instance:com.spotify.oauth2.tests.AparnaTest@5f574cc2]" name="GetAPlayList" duration-ms="295" started-at="2022-04-10T17:48:21Z" finished-at="2022-04-10T17:48:21Z">
          <exception class="java.lang.AssertionError">
            <message>
              <![CDATA[
Expected: "UPDATED PlayList"
     but: was "Playlisti1,Jr,v- 9"]]>
            </message>
            <full-stacktrace>
              <![CDATA[java.lang.AssertionError: 
Expected: "UPDATED PlayList"
     but: was "Playlisti1,Jr,v- 9"
at org.hamcrest.MatcherAssert.assertThat(MatcherAssert.java:18)
at org.hamcrest.MatcherAssert.assertThat(MatcherAssert.java:6)
at com.spotify.oauth2.tests.AparnaTest.assertPlayListEqual(AparnaTest.java:51)
at com.spotify.oauth2.tests.AparnaTest.GetAPlayList(AparnaTest.java:119)
at sun.reflect.NativeMethodAccessorImpl.invoke0(Native Method)
at sun.reflect.NativeMethodAccessorImpl.invoke(NativeMethodAccessorImpl.java:62)
at sun.reflect.DelegatingMethodAccessorImpl.invoke(DelegatingMethodAccessorImpl.java:43)
at java.lang.reflect.Method.invoke(Method.java:498)
at org.testng.internal.MethodInvocationHelper.invokeMethod(MethodInvocationHelper.java:124)
at org.testng.internal.Invoker.invokeMethod(Invoker.java:583)
at org.testng.internal.Invoker.invokeTestMethod(Invoker.java:719)
at org.testng.internal.Invoker.invokeTestMethods(Invoker.java:989)
at org.testng.internal.TestMethodWorker.invokeTestMethods(TestMethodWorker.java:125)
at org.testng.internal.TestMethodWorker.run(TestMethodWorker.java:109)
at org.testng.TestRunner.privateRun(TestRunner.java:648)
at org.testng.TestRunner.run(TestRunner.java:505)
at org.testng.SuiteRunner.runTest(SuiteRunner.java:455)
at org.testng.SuiteRunner.runSequentially(SuiteRunner.java:450)
at org.testng.SuiteRunner.privateRun(SuiteRunner.java:415)
at org.testng.SuiteRunner.run(SuiteRunner.java:364)
at org.testng.SuiteRunnerWorker.runSuite(SuiteRunnerWorker.java:52)
at org.testng.SuiteRunnerWorker.run(SuiteRunnerWorker.java:84)
at org.testng.TestNG.runSuitesSequentially(TestNG.java:1208)
at org.testng.TestNG.runSuitesLocally(TestNG.java:1137)
at org.testng.TestNG.runSuites(TestNG.java:1049)
at org.testng.TestNG.run(TestNG.java:1017)
at org.testng.remote.AbstractRemoteTestNG.run(AbstractRemoteTestNG.java:115)
at org.testng.remote.RemoteTestNG.initAndRun(RemoteTestNG.java:251)
at org.testng.remote.RemoteTestNG.main(RemoteTestNG.java:77)
]]>
            </full-stacktrace>
          </exception> <!-- java.lang.AssertionError -->
          <reporter-output>
          </reporter-output>
        </test-method> <!-- GetAPlayList -->
        <test-method status="PASS" signature="Negative_CreateAPlayList_with_ExpiredToken()[pri:0, instance:com.spotify.oauth2.tests.AparnaTest@5f574cc2]" name="Negative_CreateAPlayList_with_ExpiredToken" duration-ms="200" started-at="2022-04-10T17:48:21Z" finished-at="2022-04-10T17:48:21Z">
          <reporter-output>
          </reporter-output>
        </test-method> <!-- Negative_CreateAPlayList_with_ExpiredToken -->
        <test-method status="PASS" signature="Negative_CreateAPlayList_with_nullName()[pri:0, instance:com.spotify.oauth2.tests.AparnaTest@5f574cc2]" name="Negative_CreateAPlayList_with_nullName" duration-ms="202" started-at="2022-04-10T17:48:21Z" finished-at="2022-04-10T17:48:21Z">
          <reporter-output>
          </reporter-output>
        </test-method> <!-- Negative_CreateAPlayList_with_nullName -->
        <test-method status="PASS" signature="PutAPlayList()[pri:0, instance:com.spotify.oauth2.tests.AparnaTest@5f574cc2]" name="PutAPlayList" duration-ms="354" started-at="2022-04-10T17:48:21Z" finished-at="2022-04-10T17:48:22Z">
          <reporter-output>
          </reporter-output>
        </test-method> <!-- PutAPlayList -->
      </class> <!-- com.spotify.oauth2.tests.AparnaTest -->
    </test> <!-- Default test -->
  </suite> <!-- Default suite -->
</testng-results>
